2022-11-14 14:57:55,606:INFO:Initializing load_model()
2022-11-14 14:57:55,606:INFO:load_model(model_name=assets/models/my_best_pipeline.pkl, platform=None, authentication=None, verbose=True)
2022-11-14 14:58:53,796:INFO:Initializing load_model()
2022-11-14 14:58:53,796:INFO:load_model(model_name=assets/models/my_best_pipeline, platform=None, authentication=None, verbose=True)
2022-11-14 14:59:50,836:INFO:Initializing load_model()
2022-11-14 14:59:50,836:INFO:load_model(model_name=assets/models/my_best_pipeline, platform=None, authentication=None, verbose=True)
2022-11-14 15:00:28,701:INFO:Initializing load_model()
2022-11-14 15:00:28,701:INFO:load_model(model_name=static/assets/models/my_best_pipeline, platform=None, authentication=None, verbose=True)
2022-11-14 15:00:30,388:INFO:Initializing load_model()
2022-11-14 15:00:30,388:INFO:load_model(model_name=static/assets/models/my_best_pipeline, platform=None, authentication=None, verbose=True)
2022-11-14 15:10:04,240:INFO:Initializing load_model()
2022-11-14 15:10:04,240:INFO:load_model(model_name=static/assets/models/my_best_pipeline, platform=None, authentication=None, verbose=True)
2022-11-14 15:10:05,881:INFO:Initializing load_model()
2022-11-14 15:10:05,881:INFO:load_model(model_name=static/assets/models/my_best_pipeline, platform=None, authentication=None, verbose=True)
2022-11-14 15:20:18,672:INFO:Initializing load_model()
2022-11-14 15:20:18,672:INFO:load_model(model_name=static/assets/models/my_best_pipeline, platform=None, authentication=None, verbose=True)
2022-11-14 15:29:55,941:INFO:Initializing load_model()
2022-11-14 15:29:55,941:INFO:load_model(model_name=static/assets/models/my_best_pipeline, platform=None, authentication=None, verbose=True)
2022-11-14 15:29:57,619:INFO:Initializing load_model()
2022-11-14 15:29:57,619:INFO:load_model(model_name=static/assets/models/my_best_pipeline, platform=None, authentication=None, verbose=True)
2022-11-14 15:42:21,594:INFO:Initializing predict_model()
2022-11-14 15:42:21,594:INFO:predict_model(estimator=Pipeline(steps=[('dtypes',
                 DataTypes_Auto_infer(ml_usecase='classification',
                                      target='INTERESTED')),
                ('imputer',
                 Simple_Imputer(categorical_strategy='not_available',
                                fill_value_categorical=None,
                                fill_value_numerical=None,
                                numeric_strategy='mean',
                                target_variable=None)),
                ('new_levels1',
                 New_Catagorical_Levels_in_TestData(replacement_strategy='least '
                                                                         'frequent',...
                ('binn', 'passthrough'), ('rem_outliers', 'passthrough'),
                ('cluster_all', 'passthrough'),
                ('dummy', Dummify(target='INTERESTED')),
                ('fix_perfect', Remove_100(target='INTERESTED')),
                ('clean_names', Clean_Colum_Names()),
                ('feature_select', 'passthrough'), ('fix_multi', 'passthrough'),
                ('dfs', 'passthrough'), ('pca', 'passthrough'),
                ['trained_model', LGBMClassifier(random_state=3611)]]), probability_threshold=None, encoded_labels=False, drift_report=False, raw_score=False, round=0, verbose=True, ml_usecase=MLUsecase.CLASSIFICATION, display=None, drift_kwargs=None)
2022-11-14 15:42:21,594:INFO:Checking exceptions
2022-11-14 15:42:21,594:INFO:Preloading libraries
2022-11-14 15:44:06,095:INFO:Initializing load_model()
2022-11-14 15:44:06,095:INFO:load_model(model_name=static/assets/models/my_best_pipeline, platform=None, authentication=None, verbose=True)
2022-11-14 15:45:37,066:INFO:Initializing predict_model()
2022-11-14 15:45:37,066:INFO:predict_model(estimator=Pipeline(steps=[('dtypes',
                 DataTypes_Auto_infer(ml_usecase='classification',
                                      target='INTERESTED')),
                ('imputer',
                 Simple_Imputer(categorical_strategy='not_available',
                                fill_value_categorical=None,
                                fill_value_numerical=None,
                                numeric_strategy='mean',
                                target_variable=None)),
                ('new_levels1',
                 New_Catagorical_Levels_in_TestData(replacement_strategy='least '
                                                                         'frequent',...
                ('binn', 'passthrough'), ('rem_outliers', 'passthrough'),
                ('cluster_all', 'passthrough'),
                ('dummy', Dummify(target='INTERESTED')),
                ('fix_perfect', Remove_100(target='INTERESTED')),
                ('clean_names', Clean_Colum_Names()),
                ('feature_select', 'passthrough'), ('fix_multi', 'passthrough'),
                ('dfs', 'passthrough'), ('pca', 'passthrough'),
                ['trained_model', LGBMClassifier(random_state=3611)]]), probability_threshold=None, encoded_labels=False, drift_report=False, raw_score=False, round=0, verbose=True, ml_usecase=MLUsecase.CLASSIFICATION, display=None, drift_kwargs=None)
2022-11-14 15:45:37,066:INFO:Checking exceptions
2022-11-14 15:45:37,066:INFO:Preloading libraries
2022-11-14 15:46:07,756:INFO:Initializing load_model()
2022-11-14 15:46:07,756:INFO:load_model(model_name=static/assets/models/my_best_pipeline, platform=None, authentication=None, verbose=True)
2022-11-14 15:46:13,454:INFO:Initializing predict_model()
2022-11-14 15:46:13,454:INFO:predict_model(estimator=Pipeline(steps=[('dtypes',
                 DataTypes_Auto_infer(ml_usecase='classification',
                                      target='INTERESTED')),
                ('imputer',
                 Simple_Imputer(categorical_strategy='not_available',
                                fill_value_categorical=None,
                                fill_value_numerical=None,
                                numeric_strategy='mean',
                                target_variable=None)),
                ('new_levels1',
                 New_Catagorical_Levels_in_TestData(replacement_strategy='least '
                                                                         'frequent',...
                ('binn', 'passthrough'), ('rem_outliers', 'passthrough'),
                ('cluster_all', 'passthrough'),
                ('dummy', Dummify(target='INTERESTED')),
                ('fix_perfect', Remove_100(target='INTERESTED')),
                ('clean_names', Clean_Colum_Names()),
                ('feature_select', 'passthrough'), ('fix_multi', 'passthrough'),
                ('dfs', 'passthrough'), ('pca', 'passthrough'),
                ['trained_model', LGBMClassifier(random_state=3611)]]), probability_threshold=None, encoded_labels=False, drift_report=False, raw_score=False, round=0, verbose=True, ml_usecase=MLUsecase.CLASSIFICATION, display=None, drift_kwargs=None)
2022-11-14 15:46:13,454:INFO:Checking exceptions
2022-11-14 15:46:13,454:INFO:Preloading libraries
2022-11-14 15:55:40,893:INFO:Initializing predict_model()
2022-11-14 15:55:40,893:INFO:predict_model(estimator=Pipeline(steps=[('dtypes',
                 DataTypes_Auto_infer(ml_usecase='classification',
                                      target='INTERESTED')),
                ('imputer',
                 Simple_Imputer(categorical_strategy='not_available',
                                fill_value_categorical=None,
                                fill_value_numerical=None,
                                numeric_strategy='mean',
                                target_variable=None)),
                ('new_levels1',
                 New_Catagorical_Levels_in_TestData(replacement_strategy='least '
                                                                         'frequent',...
                ('binn', 'passthrough'), ('rem_outliers', 'passthrough'),
                ('cluster_all', 'passthrough'),
                ('dummy', Dummify(target='INTERESTED')),
                ('fix_perfect', Remove_100(target='INTERESTED')),
                ('clean_names', Clean_Colum_Names()),
                ('feature_select', 'passthrough'), ('fix_multi', 'passthrough'),
                ('dfs', 'passthrough'), ('pca', 'passthrough'),
                ['trained_model', LGBMClassifier(random_state=3611)]]), probability_threshold=None, encoded_labels=False, drift_report=False, raw_score=False, round=0, verbose=True, ml_usecase=MLUsecase.CLASSIFICATION, display=None, drift_kwargs=None)
2022-11-14 15:55:40,893:INFO:Checking exceptions
2022-11-14 15:55:40,893:INFO:Preloading libraries
2022-11-14 15:59:39,837:INFO:Initializing predict_model()
2022-11-14 15:59:39,837:INFO:predict_model(estimator=Pipeline(steps=[('dtypes',
                 DataTypes_Auto_infer(ml_usecase='classification',
                                      target='INTERESTED')),
                ('imputer',
                 Simple_Imputer(categorical_strategy='not_available',
                                fill_value_categorical=None,
                                fill_value_numerical=None,
                                numeric_strategy='mean',
                                target_variable=None)),
                ('new_levels1',
                 New_Catagorical_Levels_in_TestData(replacement_strategy='least '
                                                                         'frequent',...
                ('binn', 'passthrough'), ('rem_outliers', 'passthrough'),
                ('cluster_all', 'passthrough'),
                ('dummy', Dummify(target='INTERESTED')),
                ('fix_perfect', Remove_100(target='INTERESTED')),
                ('clean_names', Clean_Colum_Names()),
                ('feature_select', 'passthrough'), ('fix_multi', 'passthrough'),
                ('dfs', 'passthrough'), ('pca', 'passthrough'),
                ['trained_model', LGBMClassifier(random_state=3611)]]), probability_threshold=None, encoded_labels=False, drift_report=False, raw_score=False, round=0, verbose=True, ml_usecase=MLUsecase.CLASSIFICATION, display=None, drift_kwargs=None)
2022-11-14 15:59:39,837:INFO:Checking exceptions
2022-11-14 15:59:39,837:INFO:Preloading libraries
2022-11-14 16:08:14,959:INFO:Initializing predict_model()
2022-11-14 16:08:14,959:INFO:predict_model(estimator=Pipeline(steps=[('dtypes',
                 DataTypes_Auto_infer(ml_usecase='classification',
                                      target='INTERESTED')),
                ('imputer',
                 Simple_Imputer(categorical_strategy='not_available',
                                fill_value_categorical=None,
                                fill_value_numerical=None,
                                numeric_strategy='mean',
                                target_variable=None)),
                ('new_levels1',
                 New_Catagorical_Levels_in_TestData(replacement_strategy='least '
                                                                         'frequent',...
                ('binn', 'passthrough'), ('rem_outliers', 'passthrough'),
                ('cluster_all', 'passthrough'),
                ('dummy', Dummify(target='INTERESTED')),
                ('fix_perfect', Remove_100(target='INTERESTED')),
                ('clean_names', Clean_Colum_Names()),
                ('feature_select', 'passthrough'), ('fix_multi', 'passthrough'),
                ('dfs', 'passthrough'), ('pca', 'passthrough'),
                ['trained_model', LGBMClassifier(random_state=3611)]]), probability_threshold=None, encoded_labels=False, drift_report=False, raw_score=False, round=0, verbose=True, ml_usecase=MLUsecase.CLASSIFICATION, display=None, drift_kwargs=None)
2022-11-14 16:08:14,959:INFO:Checking exceptions
2022-11-14 16:08:14,959:INFO:Preloading libraries
2022-11-14 16:08:48,826:INFO:Initializing load_model()
2022-11-14 16:08:48,827:INFO:load_model(model_name=static/assets/models/my_best_pipeline, platform=None, authentication=None, verbose=True)
2022-11-14 16:08:55,176:INFO:Initializing predict_model()
2022-11-14 16:08:55,176:INFO:predict_model(estimator=Pipeline(steps=[('dtypes',
                 DataTypes_Auto_infer(ml_usecase='classification',
                                      target='INTERESTED')),
                ('imputer',
                 Simple_Imputer(categorical_strategy='not_available',
                                fill_value_categorical=None,
                                fill_value_numerical=None,
                                numeric_strategy='mean',
                                target_variable=None)),
                ('new_levels1',
                 New_Catagorical_Levels_in_TestData(replacement_strategy='least '
                                                                         'frequent',...
                ('binn', 'passthrough'), ('rem_outliers', 'passthrough'),
                ('cluster_all', 'passthrough'),
                ('dummy', Dummify(target='INTERESTED')),
                ('fix_perfect', Remove_100(target='INTERESTED')),
                ('clean_names', Clean_Colum_Names()),
                ('feature_select', 'passthrough'), ('fix_multi', 'passthrough'),
                ('dfs', 'passthrough'), ('pca', 'passthrough'),
                ['trained_model', LGBMClassifier(random_state=3611)]]), probability_threshold=None, encoded_labels=False, drift_report=False, raw_score=False, round=0, verbose=True, ml_usecase=MLUsecase.CLASSIFICATION, display=None, drift_kwargs=None)
2022-11-14 16:08:55,176:INFO:Checking exceptions
2022-11-14 16:08:55,176:INFO:Preloading libraries
2022-11-14 16:11:20,694:INFO:Initializing predict_model()
2022-11-14 16:11:20,694:INFO:predict_model(estimator=Pipeline(steps=[('dtypes',
                 DataTypes_Auto_infer(ml_usecase='classification',
                                      target='INTERESTED')),
                ('imputer',
                 Simple_Imputer(categorical_strategy='not_available',
                                fill_value_categorical=None,
                                fill_value_numerical=None,
                                numeric_strategy='mean',
                                target_variable=None)),
                ('new_levels1',
                 New_Catagorical_Levels_in_TestData(replacement_strategy='least '
                                                                         'frequent',...
                ('binn', 'passthrough'), ('rem_outliers', 'passthrough'),
                ('cluster_all', 'passthrough'),
                ('dummy', Dummify(target='INTERESTED')),
                ('fix_perfect', Remove_100(target='INTERESTED')),
                ('clean_names', Clean_Colum_Names()),
                ('feature_select', 'passthrough'), ('fix_multi', 'passthrough'),
                ('dfs', 'passthrough'), ('pca', 'passthrough'),
                ['trained_model', LGBMClassifier(random_state=3611)]]), probability_threshold=None, encoded_labels=False, drift_report=False, raw_score=False, round=0, verbose=True, ml_usecase=MLUsecase.CLASSIFICATION, display=None, drift_kwargs=None)
2022-11-14 16:11:20,694:INFO:Checking exceptions
2022-11-14 16:11:20,694:INFO:Preloading libraries
2022-11-14 16:12:40,195:INFO:Initializing load_model()
2022-11-14 16:12:40,195:INFO:load_model(model_name=static/assets/models/my_best_pipeline, platform=None, authentication=None, verbose=True)
2022-11-14 16:13:55,090:INFO:Initializing predict_model()
2022-11-14 16:13:55,091:INFO:predict_model(estimator=Pipeline(steps=[('dtypes',
                 DataTypes_Auto_infer(ml_usecase='classification',
                                      target='INTERESTED')),
                ('imputer',
                 Simple_Imputer(categorical_strategy='not_available',
                                fill_value_categorical=None,
                                fill_value_numerical=None,
                                numeric_strategy='mean',
                                target_variable=None)),
                ('new_levels1',
                 New_Catagorical_Levels_in_TestData(replacement_strategy='least '
                                                                         'frequent',...
                ('binn', 'passthrough'), ('rem_outliers', 'passthrough'),
                ('cluster_all', 'passthrough'),
                ('dummy', Dummify(target='INTERESTED')),
                ('fix_perfect', Remove_100(target='INTERESTED')),
                ('clean_names', Clean_Colum_Names()),
                ('feature_select', 'passthrough'), ('fix_multi', 'passthrough'),
                ('dfs', 'passthrough'), ('pca', 'passthrough'),
                ['trained_model', LGBMClassifier(random_state=3611)]]), probability_threshold=None, encoded_labels=False, drift_report=False, raw_score=False, round=0, verbose=True, ml_usecase=MLUsecase.CLASSIFICATION, display=None, drift_kwargs=None)
2022-11-14 16:13:55,091:INFO:Checking exceptions
2022-11-14 16:13:55,091:INFO:Preloading libraries
2022-11-14 17:56:31,021:INFO:Initializing load_model()
2022-11-14 17:56:31,021:INFO:load_model(model_name=static/assets/models/my_best_pipeline, platform=None, authentication=None, verbose=True)
2022-11-14 17:56:32,725:INFO:Initializing load_model()
2022-11-14 17:56:32,725:INFO:load_model(model_name=static/assets/models/my_best_pipeline, platform=None, authentication=None, verbose=True)
2022-11-14 17:58:23,455:INFO:Initializing predict_model()
2022-11-14 17:58:23,455:INFO:predict_model(estimator=Pipeline(steps=[('dtypes',
                 DataTypes_Auto_infer(ml_usecase='classification',
                                      target='INTERESTED')),
                ('imputer',
                 Simple_Imputer(categorical_strategy='not_available',
                                fill_value_categorical=None,
                                fill_value_numerical=None,
                                numeric_strategy='mean',
                                target_variable=None)),
                ('new_levels1',
                 New_Catagorical_Levels_in_TestData(replacement_strategy='least '
                                                                         'frequent',...
                ('binn', 'passthrough'), ('rem_outliers', 'passthrough'),
                ('cluster_all', 'passthrough'),
                ('dummy', Dummify(target='INTERESTED')),
                ('fix_perfect', Remove_100(target='INTERESTED')),
                ('clean_names', Clean_Colum_Names()),
                ('feature_select', 'passthrough'), ('fix_multi', 'passthrough'),
                ('dfs', 'passthrough'), ('pca', 'passthrough'),
                ['trained_model', LGBMClassifier(random_state=3611)]]), probability_threshold=None, encoded_labels=False, drift_report=False, raw_score=False, round=0, verbose=True, ml_usecase=MLUsecase.CLASSIFICATION, display=None, drift_kwargs=None)
2022-11-14 17:58:23,455:INFO:Checking exceptions
2022-11-14 17:58:23,455:INFO:Preloading libraries
2022-11-14 19:19:30,238:INFO:Initializing load_model()
2022-11-14 19:19:30,239:INFO:load_model(model_name=static/assets/models/my_best_pipeline, platform=None, authentication=None, verbose=True)
2022-11-14 19:19:31,998:INFO:Initializing load_model()
2022-11-14 19:19:31,998:INFO:load_model(model_name=static/assets/models/my_best_pipeline, platform=None, authentication=None, verbose=True)
2022-11-14 19:23:14,847:INFO:Initializing predict_model()
2022-11-14 19:23:14,848:INFO:predict_model(estimator=Pipeline(steps=[('dtypes',
                 DataTypes_Auto_infer(ml_usecase='classification',
                                      target='INTERESTED')),
                ('imputer',
                 Simple_Imputer(categorical_strategy='not_available',
                                fill_value_categorical=None,
                                fill_value_numerical=None,
                                numeric_strategy='mean',
                                target_variable=None)),
                ('new_levels1',
                 New_Catagorical_Levels_in_TestData(replacement_strategy='least '
                                                                         'frequent',...
                ('binn', 'passthrough'), ('rem_outliers', 'passthrough'),
                ('cluster_all', 'passthrough'),
                ('dummy', Dummify(target='INTERESTED')),
                ('fix_perfect', Remove_100(target='INTERESTED')),
                ('clean_names', Clean_Colum_Names()),
                ('feature_select', 'passthrough'), ('fix_multi', 'passthrough'),
                ('dfs', 'passthrough'), ('pca', 'passthrough'),
                ['trained_model', LGBMClassifier(random_state=3611)]]), probability_threshold=None, encoded_labels=False, drift_report=False, raw_score=False, round=0, verbose=True, ml_usecase=MLUsecase.CLASSIFICATION, display=None, drift_kwargs=None)
2022-11-14 19:23:14,848:INFO:Checking exceptions
2022-11-14 19:23:14,848:INFO:Preloading libraries
2022-11-16 16:15:21,938:INFO:Initializing load_model()
2022-11-16 16:15:21,939:INFO:load_model(model_name=static/assets/models/my_best_pipeline, platform=None, authentication=None, verbose=True)
2022-11-16 16:15:23,759:INFO:Initializing load_model()
2022-11-16 16:15:23,759:INFO:load_model(model_name=static/assets/models/my_best_pipeline, platform=None, authentication=None, verbose=True)
2022-11-18 15:14:45,332:INFO:Initializing load_model()
2022-11-18 15:14:45,333:INFO:load_model(model_name=static/assets/models/my_best_pipeline, platform=None, authentication=None, verbose=True)
2022-11-18 15:14:47,055:INFO:Initializing load_model()
2022-11-18 15:14:47,055:INFO:load_model(model_name=static/assets/models/my_best_pipeline, platform=None, authentication=None, verbose=True)
2022-11-18 15:17:25,982:INFO:Initializing predict_model()
2022-11-18 15:17:25,982:INFO:predict_model(estimator=Pipeline(steps=[('dtypes',
                 DataTypes_Auto_infer(ml_usecase='classification',
                                      target='INTERESTED')),
                ('imputer',
                 Simple_Imputer(categorical_strategy='not_available',
                                fill_value_categorical=None,
                                fill_value_numerical=None,
                                numeric_strategy='mean',
                                target_variable=None)),
                ('new_levels1',
                 New_Catagorical_Levels_in_TestData(replacement_strategy='least '
                                                                         'frequent',...
                ('binn', 'passthrough'), ('rem_outliers', 'passthrough'),
                ('cluster_all', 'passthrough'),
                ('dummy', Dummify(target='INTERESTED')),
                ('fix_perfect', Remove_100(target='INTERESTED')),
                ('clean_names', Clean_Colum_Names()),
                ('feature_select', 'passthrough'), ('fix_multi', 'passthrough'),
                ('dfs', 'passthrough'), ('pca', 'passthrough'),
                ['trained_model', LGBMClassifier(random_state=3611)]]), probability_threshold=None, encoded_labels=False, drift_report=False, raw_score=False, round=0, verbose=True, ml_usecase=MLUsecase.CLASSIFICATION, display=None, drift_kwargs=None)
2022-11-18 15:17:25,982:INFO:Checking exceptions
2022-11-18 15:17:25,982:INFO:Preloading libraries
